<?xml version="1.0" encoding="UTF-8"?>
<testng-results skipped="0" failed="0" total="10" passed="10">
  <reporter-output>
  </reporter-output>
  <suite name="Suite" duration-ms="41537" started-at="2016-12-09T09:41:22Z" finished-at="2016-12-09T09:42:03Z">
    <groups>
      <group name="Scooter">
        <method signature="TestGroup.Scooter1()[pri:0, instance:test.TestGroup@35851384]" name="Scooter1" class="test.TestGroup"/>
        <method signature="TestGroup.Scooter2()[pri:0, instance:test.TestGroup@35851384]" name="Scooter2" class="test.TestGroup"/>
      </group> <!-- Scooter -->
      <group name="Car">
        <method signature="TestGroup.Car1()[pri:0, instance:test.TestGroup@35851384]" name="Car1" class="test.TestGroup"/>
        <method signature="TestGroup.Car2()[pri:0, instance:test.TestGroup@35851384]" name="Car2" class="test.TestGroup"/>
        <method signature="TestGroup.Sedan1()[pri:0, instance:test.TestGroup@35851384]" name="Sedan1" class="test.TestGroup"/>
      </group> <!-- Car -->
      <group name="Sedan Car">
        <method signature="TestGroup.Sedan1()[pri:0, instance:test.TestGroup@35851384]" name="Sedan1" class="test.TestGroup"/>
      </group> <!-- Sedan Car -->
    </groups>
    <test name="Test" duration-ms="41537" started-at="2016-12-09T09:41:22Z" finished-at="2016-12-09T09:42:03Z">
      <class name="testannotaions.TestAnnotations">
        <test-method status="PASS" signature="beforeSuite()[pri:0, instance:testannotaions.TestAnnotations@725bef66]" name="beforeSuite" is-config="true" duration-ms="12" started-at="2016-12-09T15:11:21Z" finished-at="2016-12-09T15:11:22Z">
          <reporter-output>
          </reporter-output>
        </test-method> <!-- beforeSuite -->
        <test-method status="PASS" signature="beforeTest()[pri:0, instance:testannotaions.TestAnnotations@725bef66]" name="beforeTest" is-config="true" duration-ms="0" started-at="2016-12-09T15:11:22Z" finished-at="2016-12-09T15:11:22Z">
          <reporter-output>
          </reporter-output>
        </test-method> <!-- beforeTest -->
        <test-method status="PASS" signature="beforeClass()[pri:0, instance:testannotaions.TestAnnotations@725bef66]" name="beforeClass" is-config="true" duration-ms="1" started-at="2016-12-09T15:11:40Z" finished-at="2016-12-09T15:11:40Z">
          <reporter-output>
          </reporter-output>
        </test-method> <!-- beforeClass -->
        <test-method status="PASS" signature="testCase1()[pri:0, instance:testannotaions.TestAnnotations@725bef66]" name="testCase1" duration-ms="0" started-at="2016-12-09T15:11:40Z" finished-at="2016-12-09T15:11:40Z">
          <reporter-output>
          </reporter-output>
        </test-method> <!-- testCase1 -->
        <test-method status="PASS" signature="beforeMethod()[pri:0, instance:testannotaions.TestAnnotations@725bef66]" name="beforeMethod" is-config="true" duration-ms="0" started-at="2016-12-09T15:11:40Z" finished-at="2016-12-09T15:11:40Z">
          <reporter-output>
          </reporter-output>
        </test-method> <!-- beforeMethod -->
        <test-method status="PASS" signature="afterMethod()[pri:0, instance:testannotaions.TestAnnotations@725bef66]" name="afterMethod" is-config="true" duration-ms="0" started-at="2016-12-09T15:11:40Z" finished-at="2016-12-09T15:11:40Z">
          <reporter-output>
          </reporter-output>
        </test-method> <!-- afterMethod -->
        <test-method status="PASS" signature="afterClass()[pri:0, instance:testannotaions.TestAnnotations@725bef66]" name="afterClass" is-config="true" duration-ms="1" started-at="2016-12-09T15:11:40Z" finished-at="2016-12-09T15:11:40Z">
          <reporter-output>
          </reporter-output>
        </test-method> <!-- afterClass -->
        <test-method status="PASS" signature="afterMethod()[pri:0, instance:testannotaions.TestAnnotations@725bef66]" name="afterMethod" is-config="true" duration-ms="0" started-at="2016-12-09T15:11:40Z" finished-at="2016-12-09T15:11:40Z">
          <reporter-output>
          </reporter-output>
        </test-method> <!-- afterMethod -->
        <test-method status="PASS" signature="testCase2()[pri:0, instance:testannotaions.TestAnnotations@725bef66]" name="testCase2" duration-ms="0" started-at="2016-12-09T15:11:40Z" finished-at="2016-12-09T15:11:40Z">
          <reporter-output>
          </reporter-output>
        </test-method> <!-- testCase2 -->
        <test-method status="PASS" signature="beforeMethod()[pri:0, instance:testannotaions.TestAnnotations@725bef66]" name="beforeMethod" is-config="true" duration-ms="0" started-at="2016-12-09T15:11:40Z" finished-at="2016-12-09T15:11:40Z">
          <reporter-output>
          </reporter-output>
        </test-method> <!-- beforeMethod -->
        <test-method status="PASS" signature="afterTest()[pri:0, instance:testannotaions.TestAnnotations@725bef66]" name="afterTest" is-config="true" duration-ms="0" started-at="2016-12-09T15:12:03Z" finished-at="2016-12-09T15:12:03Z">
          <reporter-output>
          </reporter-output>
        </test-method> <!-- afterTest -->
        <test-method status="PASS" signature="afterSuite()[pri:0, instance:testannotaions.TestAnnotations@725bef66]" name="afterSuite" is-config="true" duration-ms="0" started-at="2016-12-09T15:12:03Z" finished-at="2016-12-09T15:12:03Z">
          <reporter-output>
          </reporter-output>
        </test-method> <!-- afterSuite -->
      </class> <!-- testannotaions.TestAnnotations -->
      <class name="test.RightClickOnMenuDemo">
        <test-method status="PASS" signature="Setup()[pri:0, instance:test.RightClickOnMenuDemo@1888ff2c]" name="Setup" is-config="true" duration-ms="5341" started-at="2016-12-09T15:11:53Z" finished-at="2016-12-09T15:11:58Z">
          <reporter-output>
          </reporter-output>
        </test-method> <!-- Setup -->
        <test-method status="PASS" signature="f()[pri:0, instance:test.RightClickOnMenuDemo@1888ff2c]" name="f" duration-ms="4536" started-at="2016-12-09T15:11:58Z" finished-at="2016-12-09T15:12:03Z">
          <reporter-output>
          </reporter-output>
        </test-method> <!-- f -->
        <test-method status="PASS" signature="tearDown()[pri:0, instance:test.RightClickOnMenuDemo@1888ff2c]" name="tearDown" is-config="true" duration-ms="9" started-at="2016-12-09T15:12:03Z" finished-at="2016-12-09T15:12:03Z">
          <reporter-output>
          </reporter-output>
        </test-method> <!-- tearDown -->
      </class> <!-- test.RightClickOnMenuDemo -->
      <class name="test.DoubleClickOnElement">
        <test-method status="PASS" signature="beforeClass()[pri:0, instance:test.DoubleClickOnElement@2aaf7cc2]" name="beforeClass" is-config="true" duration-ms="6299" started-at="2016-12-09T15:11:22Z" finished-at="2016-12-09T15:11:28Z">
          <reporter-output>
          </reporter-output>
        </test-method> <!-- beforeClass -->
        <test-method status="PASS" signature="f()[pri:0, instance:test.DoubleClickOnElement@2aaf7cc2]" name="f" duration-ms="12650" started-at="2016-12-09T15:11:28Z" finished-at="2016-12-09T15:11:40Z">
          <reporter-output>
          </reporter-output>
        </test-method> <!-- f -->
        <test-method status="PASS" signature="afterClass()[pri:0, instance:test.DoubleClickOnElement@2aaf7cc2]" name="afterClass" is-config="true" duration-ms="9" started-at="2016-12-09T15:11:40Z" finished-at="2016-12-09T15:11:40Z">
          <reporter-output>
          </reporter-output>
        </test-method> <!-- afterClass -->
      </class> <!-- test.DoubleClickOnElement -->
      <class name="test.TestGroup">
        <test-method status="PASS" signature="Car2()[pri:0, instance:test.TestGroup@35851384]" name="Car2" duration-ms="0" started-at="2016-12-09T15:12:03Z" finished-at="2016-12-09T15:12:03Z">
          <reporter-output>
          </reporter-output>
        </test-method> <!-- Car2 -->
        <test-method status="PASS" signature="Car1()[pri:0, instance:test.TestGroup@35851384]" name="Car1" duration-ms="0" started-at="2016-12-09T15:12:03Z" finished-at="2016-12-09T15:12:03Z">
          <reporter-output>
          </reporter-output>
        </test-method> <!-- Car1 -->
        <test-method status="PASS" signature="Sedan1()[pri:0, instance:test.TestGroup@35851384]" name="Sedan1" duration-ms="1" started-at="2016-12-09T15:12:03Z" finished-at="2016-12-09T15:12:03Z">
          <reporter-output>
          </reporter-output>
        </test-method> <!-- Sedan1 -->
        <test-method status="PASS" signature="Scooter2()[pri:0, instance:test.TestGroup@35851384]" name="Scooter2" duration-ms="0" started-at="2016-12-09T15:12:03Z" finished-at="2016-12-09T15:12:03Z">
          <reporter-output>
          </reporter-output>
        </test-method> <!-- Scooter2 -->
        <test-method status="PASS" signature="Scooter1()[pri:0, instance:test.TestGroup@35851384]" name="Scooter1" duration-ms="0" started-at="2016-12-09T15:12:03Z" finished-at="2016-12-09T15:12:03Z">
          <reporter-output>
          </reporter-output>
        </test-method> <!-- Scooter1 -->
      </class> <!-- test.TestGroup -->
      <class name="test.DragAndDropDemo">
        <test-method status="PASS" signature="f()[pri:0, instance:test.DragAndDropDemo@6e3c1e69]" name="f" duration-ms="12668" started-at="2016-12-09T15:11:40Z" finished-at="2016-12-09T15:11:53Z">
          <reporter-output>
          </reporter-output>
        </test-method> <!-- f -->
      </class> <!-- test.DragAndDropDemo -->
    </test> <!-- Test -->
  </suite> <!-- Suite -->
</testng-results>
