<?xml version="1.0" encoding="UTF-8"?>
<!-- Generated by org.testng.reporters.JUnitXMLReporter -->
<testsuite hostname="ICPL11522" name="Test" tests="10" failures="0" timestamp="9 Dec 2016 09:42:03 GMT" time="41.537" errors="0">
  <testcase name="f" time="12.65" classname="test.DoubleClickOnElement"/>
  <testcase name="testCase1" time="0.0" classname="testannotaions.TestAnnotations"/>
  <testcase name="testCase2" time="0.0" classname="testannotaions.TestAnnotations"/>
  <testcase name="f" time="12.668" classname="test.DragAndDropDemo"/>
  <testcase name="f" time="4.536" classname="test.RightClickOnMenuDemo"/>
  <testcase name="Car1" time="0.0" classname="test.TestGroup"/>
  <testcase name="Car2" time="0.0" classname="test.TestGroup"/>
  <testcase name="Scooter1" time="0.0" classname="test.TestGroup"/>
  <testcase name="Scooter2" time="0.0" classname="test.TestGroup"/>
  <testcase name="Sedan1" time="0.001" classname="test.TestGroup"/>
</testsuite> <!-- Test -->
