<?xml version="1.0" encoding="UTF-8"?>
<!-- Generated by org.testng.reporters.JUnitXMLReporter -->
<testsuite hostname="ICPL11522" name="IETest" tests="1" failures="0" timestamp="27 Sep 2016 06:59:04 GMT" time="2.803" errors="0">
  <testcase name="@BeforeClass beforeTest" time="0.0" classname="test.CrossBrowserLaunch">
    <failure type="java.lang.NullPointerException">
      <![CDATA[java.lang.NullPointerException
	at test.CrossBrowserLaunch.beforeTest(CrossBrowserLaunch.java:42)
	at java.util.concurrent.FutureTask.run(FutureTask.java:266)
	at java.util.concurrent.ThreadPoolExecutor.runWorker(ThreadPoolExecutor.java:1142)
	at java.util.concurrent.ThreadPoolExecutor$Worker.run(ThreadPoolExecutor.java:617)
	at java.lang.Thread.run(Thread.java:745)
... Removed 16 stack frames]]>
    </failure>
  </testcase> <!-- @BeforeClass beforeTest -->
  <testcase name="@AfterClass afterTest" time="0.0" classname="test.CrossBrowserLaunch">
    <skipped/>
  </testcase> <!-- @AfterClass afterTest -->
  <testcase name="login" time="0.002" classname="test.CrossBrowserLaunch">
    <skipped/>
  </testcase> <!-- login -->
</testsuite> <!-- IETest -->
