<?xml version="1.0" encoding="UTF-8"?>
<!-- Generated by org.testng.reporters.JUnitXMLReporter -->
<testsuite hostname="ICPL11522" name="Test" tests="5" failures="0" timestamp="30 Sep 2016 05:36:53 GMT" time="0.201" errors="0">
  <testcase name="Car1" time="0.037" classname="test.TestGroup"/>
  <testcase name="Car2" time="0.003" classname="test.TestGroup"/>
  <testcase name="Scooter1" time="0.003" classname="test.TestGroup"/>
  <testcase name="Scooter2" time="0.005" classname="test.TestGroup"/>
  <testcase name="Sedan1" time="0.002" classname="test.TestGroup"/>
</testsuite> <!-- Test -->
